<?xml version="1.0" encoding="UTF-8"?>
<!-- Generated by org.testng.reporters.JUnitXMLReporter -->
<testsuite ignored="0" hostname="Daksh-ASUS" failures="3" tests="19" name="Test" time="195.604" errors="0" timestamp="2024-05-01T20:44:35 IST">
  <testcase classname="SkillSpark.Signup" name="main_function" time="9.988"/>
  <testcase classname="SkillSpark.Signup" name="main_function" time="9.488"/>
  <testcase classname="SkillSpark.Signup" name="main_function" time="9.6"/>
  <testcase classname="SkillSpark.Signup" name="main_function" time="10.668"/>
  <testcase classname="SkillSpark.Signup" name="main_function" time="9.517"/>
  <testcase classname="SkillSpark.Signup" name="main_function" time="9.52"/>
  <testcase classname="SkillSpark.Signup" name="main_function" time="9.52"/>
  <testcase classname="SkillSpark.Signup" name="main_function" time="9.393"/>
  <testcase classname="SkillSpark.Signup" name="main_function" time="9.674"/>
  <testcase classname="SkillSpark.AddToCart" name="f" time="7.095"/>
  <testcase classname="SkillSpark.AddToCart" name="f" time="7.035"/>
  <testcase classname="SkillSpark.AddToCart" name="f" time="7.169"/>
  <testcase classname="SkillSpark.AddToCart" name="f" time="7.896"/>
  <testcase classname="SkillSpark.AddToCart" name="f" time="7.045"/>
  <testcase classname="SkillSpark.CourseAdd" name="courseAdd" time="10.19"/>
  <testcase classname="SkillSpark.CourseAdd" name="courseAdd" time="10.39"/>
  <testcase classname="SkillSpark.CourseAdd" name="courseAdd" time="11.534">
    <failure type="org.openqa.selenium.NoSuchElementException" message="no such element: Unable to locate element: {&amp;quot;method&amp;quot;:&amp;quot;css selector&amp;quot;,&amp;quot;selector&amp;quot;:&amp;quot;*[name=&amp;apos;sectionName&amp;apos;]&amp;quot;}
  (Session info: chrome=124.0.6367.63)
For documentation on this error, please visit: https://www.selenium.dev/documentation/webdriver/troubleshooting/errors#no-such-element-exception
Build info: version: &amp;apos;4.18.1&amp;apos;, revision: &amp;apos;b1d3319b48&amp;apos;
System info: os.name: &amp;apos;Windows 11&amp;apos;, os.arch: &amp;apos;amd64&amp;apos;, os.version: &amp;apos;10.0&amp;apos;, java.version: &amp;apos;17.0.10&amp;apos;
Driver info: org.openqa.selenium.chrome.ChromeDriver
Command: [fa7f11bd1cc09c01037e8cc270773f2f, findElement {using=name, value=sectionName}]
Capabilities {acceptInsecureCerts: false, browserName: chrome, browserVersion: 124.0.6367.63, chrome: {chromedriverVersion: 124.0.6367.91 (51df0e5e17a8..., userDataDir: C:\Users\ASUS\AppData\Local...}, fedcm:accounts: true, goog:chromeOptions: {debuggerAddress: localhost:58373}, networkConnectionEnabled: false, pageLoadStrategy: normal, platformName: windows, proxy: Proxy(), se:cdp: ws://localhost:58373/devtoo..., se:cdpVersion: 124.0.6367.63, setWindowRect: true, strictFileInteractability: false, timeouts: {implicit: 0, pageLoad: 300000, script: 30000}, unhandledPromptBehavior: dismiss and notify, webauthn:extension:credBlob: true, webauthn:extension:largeBlob: true, webauthn:extension:minPinLength: true, webauthn:extension:prf: true, webauthn:virtualAuthenticators: true}
Session ID: fa7f11bd1cc09c01037e8cc270773f2f">
      <![CDATA[org.openqa.selenium.NoSuchElementException: no such element: Unable to locate element: {"method":"css selector","selector":"*[name='sectionName']"}
  (Session info: chrome=124.0.6367.63)
For documentation on this error, please visit: https://www.selenium.dev/documentation/webdriver/troubleshooting/errors#no-such-element-exception
Build info: version: '4.18.1', revision: 'b1d3319b48'
System info: os.name: 'Windows 11', os.arch: 'amd64', os.version: '10.0', java.version: '17.0.10'
Driver info: org.openqa.selenium.chrome.ChromeDriver
Command: [fa7f11bd1cc09c01037e8cc270773f2f, findElement {using=name, value=sectionName}]
Capabilities {acceptInsecureCerts: false, browserName: chrome, browserVersion: 124.0.6367.63, chrome: {chromedriverVersion: 124.0.6367.91 (51df0e5e17a8..., userDataDir: C:\Users\ASUS\AppData\Local...}, fedcm:accounts: true, goog:chromeOptions: {debuggerAddress: localhost:58373}, networkConnectionEnabled: false, pageLoadStrategy: normal, platformName: windows, proxy: Proxy(), se:cdp: ws://localhost:58373/devtoo..., se:cdpVersion: 124.0.6367.63, setWindowRect: true, strictFileInteractability: false, timeouts: {implicit: 0, pageLoad: 300000, script: 30000}, unhandledPromptBehavior: dismiss and notify, webauthn:extension:credBlob: true, webauthn:extension:largeBlob: true, webauthn:extension:minPinLength: true, webauthn:extension:prf: true, webauthn:virtualAuthenticators: true}
Session ID: fa7f11bd1cc09c01037e8cc270773f2f
at org.openqa.selenium.remote.ErrorCodec.decode(ErrorCodec.java:167)
at org.openqa.selenium.remote.codec.w3c.W3CHttpResponseCodec.decode(W3CHttpResponseCodec.java:138)
at org.openqa.selenium.remote.codec.w3c.W3CHttpResponseCodec.decode(W3CHttpResponseCodec.java:50)
at org.openqa.selenium.remote.HttpCommandExecutor.execute(HttpCommandExecutor.java:190)
at org.openqa.selenium.remote.service.DriverCommandExecutor.invokeExecute(DriverCommandExecutor.java:216)
at org.openqa.selenium.remote.service.DriverCommandExecutor.execute(DriverCommandExecutor.java:174)
at org.openqa.selenium.remote.RemoteWebDriver.execute(RemoteWebDriver.java:519)
at org.openqa.selenium.remote.ElementLocation$ElementFinder$2.findElement(ElementLocation.java:165)
at org.openqa.selenium.remote.ElementLocation.findElement(ElementLocation.java:59)
at org.openqa.selenium.remote.RemoteWebDriver.findElement(RemoteWebDriver.java:356)
at org.openqa.selenium.remote.RemoteWebDriver.findElement(RemoteWebDriver.java:350)
at SkillSpark.CourseAdd.part2(CourseAdd.java:34)
at SkillSpark.CourseAdd.courseAdd(CourseAdd.java:114)
at java.base/java.util.ArrayList.forEach(ArrayList.java:1511)
... Removed 32 stack frames]]>
    </failure>
  </testcase> <!-- courseAdd -->
  <testcase classname="SkillSpark.Login" name="loginFunction" time="9.235">
    <failure type="java.lang.AssertionError" message="expected [https://new-skill-spark.vercel.app/dashboard/my-profile] but found [https://new-skill-spark.vercel.app/signup]">
      <![CDATA[java.lang.AssertionError: expected [https://new-skill-spark.vercel.app/dashboard/my-profile] but found [https://new-skill-spark.vercel.app/signup]
at SkillSpark.Login.loginFunction(Login.java:21)
at java.base/java.util.ArrayList.forEach(ArrayList.java:1511)
... Removed 33 stack frames]]>
    </failure>
  </testcase> <!-- loginFunction -->
  <testcase classname="SkillSpark.Login" name="loginFunction" time="9.16">
    <failure type="java.lang.AssertionError" message="expected [https://new-skill-spark.vercel.app/dashboard/my-profile] but found [https://new-skill-spark.vercel.app/signup]">
      <![CDATA[java.lang.AssertionError: expected [https://new-skill-spark.vercel.app/dashboard/my-profile] but found [https://new-skill-spark.vercel.app/signup]
at SkillSpark.Login.loginFunction(Login.java:21)
at java.base/java.util.ArrayList.forEach(ArrayList.java:1511)
... Removed 33 stack frames]]>
    </failure>
  </testcase> <!-- loginFunction -->
</testsuite> <!-- Test -->
